<?xml version="1.0" encoding="UTF-8"?>
<testng-results ignored="0" total="1" passed="1" failed="0" skipped="0">
  <reporter-output>
    <line>
      <![CDATA[openBrowser]]>
    </line>
    <line>
      <![CDATA[login]]>
    </line>
    <line>
      <![CDATA[createProject]]>
    </line>
    <line>
      <![CDATA[logout]]>
    </line>
    <line>
      <![CDATA[closeBrowser]]>
    </line>
  </reporter-output>
  <suite started-at="2025-05-07T21:14:28 IST" name="Default suite" finished-at="2025-05-07T21:14:32 IST" duration-ms="4126">
    <groups>
    </groups>
    <test started-at="2025-05-07T21:14:28 IST" name="Default test" finished-at="2025-05-07T21:14:32 IST" duration-ms="4126">
      <class name="com.actitime.testscripts.ProjectModule">
        <test-method is-config="true" signature="openBrowser()[pri:0, instance:com.actitime.testscripts.ProjectModule@a1cdc6d]" started-at="2025-05-07T21:14:28 IST" name="openBrowser" finished-at="2025-05-07T21:14:29 IST" duration-ms="1758" status="PASS">
          <reporter-output>
            <line>
              <![CDATA[openBrowser]]>
            </line>
          </reporter-output>
        </test-method> <!-- openBrowser -->
        <test-method is-config="true" signature="login()[pri:0, instance:com.actitime.testscripts.ProjectModule@a1cdc6d]" started-at="2025-05-07T21:14:29 IST" name="login" finished-at="2025-05-07T21:14:30 IST" duration-ms="667" status="PASS">
          <reporter-output>
            <line>
              <![CDATA[login]]>
            </line>
          </reporter-output>
        </test-method> <!-- login -->
        <test-method signature="createProject()[pri:0, instance:com.actitime.testscripts.ProjectModule@a1cdc6d]" started-at="2025-05-07T21:14:30 IST" name="createProject" finished-at="2025-05-07T21:14:30 IST" duration-ms="14" status="PASS">
          <reporter-output>
            <line>
              <![CDATA[createProject]]>
            </line>
          </reporter-output>
        </test-method> <!-- createProject -->
        <test-method is-config="true" signature="logout()[pri:0, instance:com.actitime.testscripts.ProjectModule@a1cdc6d]" started-at="2025-05-07T21:14:30 IST" name="logout" finished-at="2025-05-07T21:14:32 IST" duration-ms="1447" status="PASS">
          <reporter-output>
            <line>
              <![CDATA[logout]]>
            </line>
          </reporter-output>
        </test-method> <!-- logout -->
        <test-method is-config="true" signature="closeBrowser()[pri:0, instance:com.actitime.testscripts.ProjectModule@a1cdc6d]" started-at="2025-05-07T21:14:32 IST" name="closeBrowser" finished-at="2025-05-07T21:14:32 IST" duration-ms="183" status="PASS">
          <reporter-output>
            <line>
              <![CDATA[closeBrowser]]>
            </line>
          </reporter-output>
        </test-method> <!-- closeBrowser -->
      </class> <!-- com.actitime.testscripts.ProjectModule -->
    </test> <!-- Default test -->
  </suite> <!-- Default suite -->
</testng-results>
